Determining if the pthread_create exist failed with the following output:
Change Dir: /home/sun/Cloud/Git/igl_ceres/build/CMakeFiles/CMakeTmp

Run Build Command:"/usr/bin/make" "cmTryCompileExec2019314636/fast"
/usr/bin/make -f CMakeFiles/cmTryCompileExec2019314636.dir/build.make CMakeFiles/cmTryCompileExec2019314636.dir/build
make[1]: Entering directory `/home/sun/Cloud/Git/igl_ceres/build/CMakeFiles/CMakeTmp'
/usr/bin/cmake -E cmake_progress_report /home/sun/Cloud/Git/igl_ceres/build/CMakeFiles/CMakeTmp/CMakeFiles 1
Building C object CMakeFiles/cmTryCompileExec2019314636.dir/CheckSymbolExists.c.o
/usr/bin/cc    -o CMakeFiles/cmTryCompileExec2019314636.dir/CheckSymbolExists.c.o   -c /home/sun/Cloud/Git/igl_ceres/build/CMakeFiles/CMakeTmp/CheckSymbolExists.c
Linking C executable cmTryCompileExec2019314636
/usr/bin/cmake -E cmake_link_script CMakeFiles/cmTryCompileExec2019314636.dir/link.txt --verbose=1
/usr/bin/cc       CMakeFiles/cmTryCompileExec2019314636.dir/CheckSymbolExists.c.o  -o cmTryCompileExec2019314636 -rdynamic 
CMakeFiles/cmTryCompileExec2019314636.dir/CheckSymbolExists.c.o: In function `main':
CheckSymbolExists.c:(.text+0x16): undefined reference to `pthread_create'
collect2: error: ld returned 1 exit status
make[1]: Leaving directory `/home/sun/Cloud/Git/igl_ceres/build/CMakeFiles/CMakeTmp'
make[1]: *** [cmTryCompileExec2019314636] Error 1
make: *** [cmTryCompileExec2019314636/fast] Error 2

File /home/sun/Cloud/Git/igl_ceres/build/CMakeFiles/CMakeTmp/CheckSymbolExists.c:
/* */
#include <pthread.h>

int main(int argc, char** argv)
{
  (void)argv;
#ifndef pthread_create
  return ((int*)(&pthread_create))[argc];
#else
  (void)argc;
  return 0;
#endif
}

Determining if the function pthread_create exists in the pthreads failed with the following output:
Change Dir: /home/sun/Cloud/Git/igl_ceres/build/CMakeFiles/CMakeTmp

Run Build Command:"/usr/bin/make" "cmTryCompileExec3857356777/fast"
/usr/bin/make -f CMakeFiles/cmTryCompileExec3857356777.dir/build.make CMakeFiles/cmTryCompileExec3857356777.dir/build
make[1]: Entering directory `/home/sun/Cloud/Git/igl_ceres/build/CMakeFiles/CMakeTmp'
/usr/bin/cmake -E cmake_progress_report /home/sun/Cloud/Git/igl_ceres/build/CMakeFiles/CMakeTmp/CMakeFiles 1
Building C object CMakeFiles/cmTryCompileExec3857356777.dir/CheckFunctionExists.c.o
/usr/bin/cc   -DCHECK_FUNCTION_EXISTS=pthread_create   -o CMakeFiles/cmTryCompileExec3857356777.dir/CheckFunctionExists.c.o   -c /usr/share/cmake-3.2/Modules/CheckFunctionExists.c
Linking C executable cmTryCompileExec3857356777
/usr/bin/cmake -E cmake_link_script CMakeFiles/cmTryCompileExec3857356777.dir/link.txt --verbose=1
/usr/bin/cc   -DCHECK_FUNCTION_EXISTS=pthread_create    CMakeFiles/cmTryCompileExec3857356777.dir/CheckFunctionExists.c.o  -o cmTryCompileExec3857356777 -rdynamic -lpthreads 
/usr/bin/ld: cannot find -lpthreads
collect2: error: ld returned 1 exit status
make[1]: Leaving directory `/home/sun/Cloud/Git/igl_ceres/build/CMakeFiles/CMakeTmp'
make[1]: *** [cmTryCompileExec3857356777] Error 1
make: *** [cmTryCompileExec3857356777/fast] Error 2


Determining if the function glXGetProcAddressEXT exists failed with the following output:
Change Dir: /home/sun/Cloud/Git/igl_ceres/build/CMakeFiles/CMakeTmp

Run Build Command:"/usr/bin/make" "cmTryCompileExec1999118903/fast"
/usr/bin/make -f CMakeFiles/cmTryCompileExec1999118903.dir/build.make CMakeFiles/cmTryCompileExec1999118903.dir/build
make[1]: Entering directory `/home/sun/Cloud/Git/igl_ceres/build/CMakeFiles/CMakeTmp'
/usr/bin/cmake -E cmake_progress_report /home/sun/Cloud/Git/igl_ceres/build/CMakeFiles/CMakeTmp/CMakeFiles 1
Building C object CMakeFiles/cmTryCompileExec1999118903.dir/CheckFunctionExists.c.o
/usr/bin/cc   -DCHECK_FUNCTION_EXISTS=glXGetProcAddressEXT   -o CMakeFiles/cmTryCompileExec1999118903.dir/CheckFunctionExists.c.o   -c /usr/share/cmake-3.2/Modules/CheckFunctionExists.c
Linking C executable cmTryCompileExec1999118903
/usr/bin/cmake -E cmake_link_script CMakeFiles/cmTryCompileExec1999118903.dir/link.txt --verbose=1
/usr/bin/cc   -DCHECK_FUNCTION_EXISTS=glXGetProcAddressEXT    CMakeFiles/cmTryCompileExec1999118903.dir/CheckFunctionExists.c.o  -o cmTryCompileExec1999118903 -rdynamic -lGL 
CMakeFiles/cmTryCompileExec1999118903.dir/CheckFunctionExists.c.o: In function `main':
CheckFunctionExists.c:(.text+0x15): undefined reference to `glXGetProcAddressEXT'
collect2: error: ld returned 1 exit status
make[1]: *** [cmTryCompileExec1999118903] Error 1
make[1]: Leaving directory `/home/sun/Cloud/Git/igl_ceres/build/CMakeFiles/CMakeTmp'
make: *** [cmTryCompileExec1999118903/fast] Error 2


